mode: set
my-project/infrastructure/configuration/config.go:121.13,124.2 2 1
my-project/infrastructure/configuration/config.go:126.19,135.45 8 1
my-project/infrastructure/configuration/config.go:135.45,136.55 1 0
my-project/infrastructure/configuration/config.go:136.55,139.4 1 0
my-project/infrastructure/configuration/config.go:139.9,142.4 1 0
my-project/infrastructure/configuration/config.go:145.2,147.44 2 1
my-project/infrastructure/configuration/config.go:147.44,149.3 1 0
my-project/infrastructure/configuration/config.go:152.25,155.15 3 1
my-project/infrastructure/configuration/config.go:155.15,157.3 1 0
my-project/infrastructure/configuration/config.go:158.2,158.13 1 1
my-project/infrastructure/configuration/config.go:161.30,163.32 2 1
my-project/infrastructure/configuration/config.go:163.32,165.3 1 0
my-project/infrastructure/configuration/config.go:166.2,166.32 1 1
my-project/infrastructure/configuration/config.go:166.32,168.3 1 0
my-project/infrastructure/configuration/config.go:169.2,169.36 1 1
my-project/infrastructure/configuration/config.go:169.36,171.3 1 0
my-project/infrastructure/configuration/config.go:172.2,172.32 1 1
my-project/infrastructure/configuration/config.go:172.32,174.3 1 0
my-project/infrastructure/persistence/db.go:15.42,32.16 4 0
my-project/infrastructure/persistence/db.go:32.16,35.3 2 0
my-project/infrastructure/persistence/db.go:36.2,38.16 2 0
my-project/infrastructure/persistence/native_db.go:10.37,17.16 4 1
my-project/infrastructure/persistence/native_db.go:17.16,19.3 1 0
my-project/infrastructure/persistence/native_db.go:20.2,24.16 4 1
my-project/infrastructure/persistence/pqsql_db.go:14.41,18.16 3 1
my-project/infrastructure/persistence/pqsql_db.go:18.16,21.3 2 0
my-project/infrastructure/persistence/pqsql_db.go:23.2,26.16 3 1
my-project/infrastructure/persistence/pqsql_db.go:26.16,29.3 2 0
my-project/infrastructure/persistence/pqsql_db.go:30.2,35.16 5 1
my-project/infrastructure/persistence/pqsql_db.go:35.16,37.3 1 0
my-project/infrastructure/persistence/pqsql_db.go:39.2,39.16 1 1
my-project/infrastructure/persistence/user_repository.go:16.56,18.2 1 1
my-project/infrastructure/persistence/user_repository.go:20.96,27.16 3 1
my-project/infrastructure/persistence/user_repository.go:27.16,30.3 2 1
my-project/infrastructure/persistence/user_repository.go:31.2,35.16 4 0
my-project/infrastructure/persistence/user_repository.go:35.16,38.3 2 0
my-project/infrastructure/persistence/user_repository.go:40.2,40.18 1 0
my-project/infrastructure/persistence/user_repository.go:43.111,50.16 3 1
my-project/infrastructure/persistence/user_repository.go:50.16,53.3 2 1
my-project/infrastructure/persistence/user_repository.go:54.2,58.16 4 0
my-project/infrastructure/persistence/user_repository.go:58.16,61.3 2 0
my-project/infrastructure/persistence/user_repository.go:63.2,63.18 1 0
my-project/infrastructure/persistence/user_repository.go:66.94,69.16 2 1
my-project/infrastructure/persistence/user_repository.go:69.16,72.3 2 1
my-project/infrastructure/persistence/user_repository.go:73.2,76.16 3 1
my-project/infrastructure/persistence/user_repository.go:76.16,79.3 2 0
my-project/infrastructure/persistence/user_repository.go:81.2,81.12 1 1
my-project/infrastructure/utils/util.go:10.33,12.2 1 1
my-project/infrastructure/utils/util.go:14.86,18.16 4 0
my-project/infrastructure/utils/util.go:18.16,21.3 2 0
my-project/infrastructure/utils/util.go:22.2,22.25 1 0
my-project/infrastructure/servicebus/service_bus.go:10.89,12.16 2 1
my-project/infrastructure/servicebus/service_bus.go:12.16,14.3 1 0
my-project/infrastructure/servicebus/service_bus.go:16.2,17.16 2 1
my-project/infrastructure/servicebus/service_bus.go:17.16,19.3 1 0
my-project/infrastructure/servicebus/service_bus.go:20.2,20.20 1 1
my-project/infrastructure/servicebus/test_service_bus.go:20.81,22.2 1 0
my-project/infrastructure/servicebus/test_service_bus.go:24.73,26.16 2 0
my-project/infrastructure/servicebus/test_service_bus.go:26.16,29.3 2 0
my-project/infrastructure/servicebus/test_service_bus.go:30.2,36.16 4 0
my-project/infrastructure/servicebus/test_service_bus.go:36.16,39.3 2 0
my-project/infrastructure/servicebus/test_service_bus.go:41.2,41.12 1 0
my-project/infrastructure/servicebus/test_service_bus.go:44.61,46.16 2 0
my-project/infrastructure/servicebus/test_service_bus.go:46.16,47.13 1 0
my-project/infrastructure/servicebus/test_service_bus.go:49.2,52.16 3 0
my-project/infrastructure/servicebus/test_service_bus.go:52.16,53.13 1 0
my-project/infrastructure/servicebus/test_service_bus.go:56.2,56.35 1 0
my-project/infrastructure/servicebus/test_service_bus.go:56.35,61.17 4 0
my-project/infrastructure/servicebus/test_service_bus.go:61.17,62.14 1 0
my-project/usecase/test_usecase.go:24.144,26.2 1 0
my-project/usecase/test_usecase.go:28.71,36.16 6 0
my-project/usecase/test_usecase.go:36.16,39.3 2 0
my-project/usecase/test_usecase.go:40.2,41.16 2 0
my-project/usecase/test_usecase.go:41.16,45.3 3 0
my-project/usecase/test_usecase.go:46.2,50.16 4 0
my-project/usecase/test_usecase.go:50.16,54.3 3 0
my-project/usecase/test_usecase.go:55.2,59.16 4 0
my-project/usecase/test_usecase.go:59.16,63.3 3 0
my-project/usecase/test_usecase.go:64.2,67.12 3 0
my-project/usecase/user_usecase.go:25.67,27.2 1 1
my-project/usecase/user_usecase.go:29.93,33.16 3 1
my-project/usecase/user_usecase.go:33.16,38.3 4 1
my-project/usecase/user_usecase.go:39.2,41.29 2 1
my-project/usecase/user_usecase.go:41.29,46.3 4 1
my-project/usecase/user_usecase.go:48.2,59.16 8 1
my-project/usecase/user_usecase.go:59.16,64.3 4 0
my-project/usecase/user_usecase.go:65.2,70.12 5 1
my-project/usecase/user_usecase.go:73.100,82.16 4 1
my-project/usecase/user_usecase.go:82.16,87.3 4 1
my-project/usecase/user_usecase.go:88.2,96.12 5 1
